<?xml version="1.0" encoding="UTF-8" ?>
<testsuite failures="0" time="1.419" errors="0" skipped="0" tests="9" name="br.ufpb.dce.bloomer.core.model.JogoIntegrationTest">
  <properties>
[...]
</properties>
  <testcase time="0.008" classname="br.ufpb.dce.bloomer.core.model.JogoIntegrationTest" name="testMarkerMethod"/>
  <testcase time="0.194" classname="br.ufpb.dce.bloomer.core.model.JogoIntegrationTest" name="testFlush"/>
  <testcase time="0.152" classname="br.ufpb.dce.bloomer.core.model.JogoIntegrationTest" name="testMergeUpdate"/>
  <testcase time="0.154" classname="br.ufpb.dce.bloomer.core.model.JogoIntegrationTest" name="testPersist"/>
  <testcase time="0.211" classname="br.ufpb.dce.bloomer.core.model.JogoIntegrationTest" name="testRemove"/>
  <testcase time="0.187" classname="br.ufpb.dce.bloomer.core.model.JogoIntegrationTest" name="testCountJogoes"/>
  <testcase time="0.155" classname="br.ufpb.dce.bloomer.core.model.JogoIntegrationTest" name="testFindJogo"/>
  <testcase time="0.183" classname="br.ufpb.dce.bloomer.core.model.JogoIntegrationTest" name="testFindAllJogoes"/>
  <testcase time="0.175" classname="br.ufpb.dce.bloomer.core.model.JogoIntegrationTest" name="testFindJogoEntries"/>
</testsuite>